# JRE version: OpenJDK Runtime Environment 18.9 (11.0.10+9) (build 11.0.10+9-LTS)
# Java VM: OpenJDK 64-Bit Server VM 18.9 (11.0.10+9-LTS, mixed mode, tiered, compressed oops, g1 gc, windows-amd64)
Heap:
 garbage-first heap   total 315392K, used 18670K [0x0000000701c00000, 0x0000000800000000)
  region size 1024K, 12 young (12288K), 12 survivors (12288K)
 Metaspace       used 43025K, capacity 44514K, committed 44672K, reserved 1087488K
  class space    used 5429K, capacity 5989K, committed 6016K, reserved 1048576K
GC Heap History (11 events):
Event: 0.888 GC heap before
{Heap before GC invocations=0 (full 0):
 garbage-first heap   total 262144K, used 24576K [0x0000000701c00000, 0x0000000800000000)
  region size 1024K, 24 young (24576K), 0 survivors (0K)
 Metaspace       used 14341K, capacity 14736K, committed 14848K, reserved 1062912K
  class space    used 1534K, capacity 1685K, committed 1792K, reserved 1048576K
}
Event: 0.893 GC heap after
{Heap after GC invocations=1 (full 0):
 garbage-first heap   total 262144K, used 7164K [0x0000000701c00000, 0x0000000800000000)
  region size 1024K, 3 young (3072K), 3 survivors (3072K)
 Metaspace       used 14341K, capacity 14736K, committed 14848K, reserved 1062912K
  class space    used 1534K, capacity 1685K, committed 1792K, reserved 1048576K
}
Event: 1.010 GC heap before
{Heap before GC invocations=1 (full 0):
 garbage-first heap   total 262144K, used 53244K [0x0000000701c00000, 0x0000000800000000)
  region size 1024K, 49 young (50176K), 3 survivors (3072K)
 Metaspace       used 15203K, capacity 15586K, committed 15616K, reserved 1062912K
  class space    used 1648K, capacity 1778K, committed 1792K, reserved 1048576K
}
Event: 1.013 GC heap after
{Heap after GC invocations=2 (full 0):
 garbage-first heap   total 262144K, used 7311K [0x0000000701c00000, 0x0000000800000000)
  region size 1024K, 4 young (4096K), 4 survivors (4096K)
 Metaspace       used 15203K, capacity 15586K, committed 15616K, reserved 1062912K
  class space    used 1648K, capacity 1778K, committed 1792K, reserved 1048576K
}
Event: 1.498 GC heap before
{Heap before GC invocations=2 (full 0):
 garbage-first heap   total 262144K, used 40079K [0x0000000701c00000, 0x0000000800000000)
  region size 1024K, 37 young (37888K), 4 survivors (4096K)
 Metaspace       used 20379K, capacity 21127K, committed 21248K, reserved 1067008K
  class space    used 2430K, capacity 2717K, committed 2816K, reserved 1048576K
}
Event: 1.503 GC heap after
{Heap after GC invocations=3 (full 0):
 garbage-first heap   total 262144K, used 9358K [0x0000000701c00000, 0x0000000800000000)
  region size 1024K, 6 young (6144K), 6 survivors (6144K)
 Metaspace       used 20379K, capacity 21127K, committed 21248K, reserved 1067008K
  class space    used 2430K, capacity 2717K, committed 2816K, reserved 1048576K
}
Event: 1.873 GC heap before
{Heap before GC invocations=4 (full 0):
 garbage-first heap   total 262144K, used 74894K [0x0000000701c00000, 0x0000000800000000)
  region size 1024K, 71 young (72704K), 6 survivors (6144K)
 Metaspace       used 26737K, capacity 27653K, committed 27776K, reserved 1073152K
  class space    used 3255K, capacity 3599K, committed 3712K, reserved 1048576K
}
Event: 1.878 GC heap after
{Heap after GC invocations=5 (full 0):
 garbage-first heap   total 262144K, used 10794K [0x0000000701c00000, 0x0000000800000000)
  region size 1024K, 4 young (4096K), 4 survivors (4096K)
 Metaspace       used 26737K, capacity 27653K, committed 27776K, reserved 1073152K
  class space    used 3255K, capacity 3599K, committed 3712K, reserved 1048576K
}
Event: 3.059 GC heap before
{Heap before GC invocations=5 (full 0):
 garbage-first heap   total 262144K, used 112170K [0x0000000701c00000, 0x0000000800000000)
  region size 1024K, 105 young (107520K), 4 survivors (4096K)
 Metaspace       used 34409K, capacity 35744K, committed 35840K, reserved 1081344K
  class space    used 4380K, capacity 4900K, committed 4992K, reserved 1048576K
}
Event: 3.071 GC heap after
{Heap after GC invocations=6 (full 0):
 garbage-first heap   total 262144K, used 14980K [0x0000000701c00000, 0x0000000800000000)
  region size 1024K, 8 young (8192K), 8 survivors (8192K)
 Metaspace       used 34409K, capacity 35744K, committed 35840K, reserved 1081344K
  class space    used 4380K, capacity 4900K, committed 4992K, reserved 1048576K
}
Event: 4.014 GC heap before
{Heap before GC invocations=7 (full 0):
 garbage-first heap   total 262144K, used 162436K [0x0000000701c00000, 0x0000000800000000)
  region size 1024K, 153 young (156672K), 8 survivors (8192K)
 Metaspace       used 43025K, capacity 44514K, committed 44672K, reserved 1087488K
  class space    used 5429K, capacity 5989K, committed 6016K, reserved 1048576K
}

